#
# There is insufficient memory for the Java Runtime Environment to continue.
# Native memory allocation (malloc) failed to allocate 1048576 bytes for AllocateHeap
# Possible reasons:
#   The system is out of physical RAM or swap space
#   In 32 bit mode, the process size limit was hit
# Possible solutions:
#   Reduce memory load on the system
#   Increase physical memory or swap space
#   Check if swap backing store is full
#   Use 64 bit Java on a 64 bit OS
#   Decrease Java heap size (-Xmx/-Xms)
#   Decrease number of Java threads
#   Decrease Java thread stack sizes (-Xss)
#   Set larger code cache with -XX:ReservedCodeCacheSize=
# This output file may be truncated or incomplete.
#
#  Out of Memory Error (memory/allocation.inline.hpp:61), pid=28504, tid=0x0000000000006b94
#
# JRE version:  (8.0_181-b13) (build )
# Java VM: Java HotSpot(TM) 64-Bit Server VM (25.181-b13 mixed mode windows-amd64 compressed oops)
# Failed to write core dump. Minidumps are not enabled by default on client versions of Windows
#

---------------  T H R E A D  ---------------

Current thread (0x0000000003062800):  JavaThread "Unknown thread" [_thread_in_vm, id=27540, stack(0x0000000002f50000,0x0000000003050000)]

Stack: [0x0000000002f50000,0x0000000003050000]
[error occurred during error reporting (printing stack bounds), id 0xc0000005]

Native frames: (J=compiled Java code, j=interpreted, Vv=VM code, C=native code)


---------------  P R O C E S S  ---------------

Java Threads: ( => current thread )

Other Threads:

=>0x0000000003062800 (exited) JavaThread "Unknown thread" [_thread_in_vm, id=27540, stack(0x0000000002f50000,0x0000000003050000)]

VM state:not at safepoint (normal execution)

VM Mutex/Monitor currently owned by a thread: None

Heap:
 PSYoungGen      total 75776K, used 1300K [0x000000076bb80000, 0x0000000771000000, 0x00000007c0000000)
  eden space 65024K, 2% used [0x000000076bb80000,0x000000076bcc51f8,0x000000076fb00000)
  from space 10752K, 0% used [0x0000000770580000,0x0000000770580000,0x0000000771000000)
  to   space 10752K, 0% used [0x000000076fb00000,0x000000076fb00000,0x0000000770580000)
 ParOldGen       total 173568K, used 0K [0x00000006c3200000, 0x00000006cdb80000, 0x000000076bb80000)
  object space 173568K, 0% used [0x00000006c3200000,0x00000006c3200000,0x00000006cdb80000)
 Metaspace       used 775K, capacity 4480K, committed 4480K, reserved 1056768K
  class space    used 76K, capacity 384K, committed 384K, reserved 1048576K

Card table byte_map: [0x0000000012580000,0x0000000012d70000] byte_map_base: 0x000000000ef67000

Marking Bits: (ParMarkBitMap*) 0x0000000057092d00
 Begin Bits: [0x0000000013ac0000, 0x00000000179f8000)
 End Bits:   [0x00000000179f8000, 0x000000001b930000)

Polling page: 0x0000000000fe0000

CodeCache: size=245760Kb used=328Kb max_used=328Kb free=245431Kb
 bounds [0x00000000031c0000, 0x0000000003430000, 0x00000000121c0000]
 total_blobs=58 nmethods=0 adapters=38
 compilation: enabled

Compilation events (0 events):
No events

GC Heap History (0 events):
No events

Deoptimization events (0 events):
No events

Classes redefined (0 events):
No events

Internal exceptions (0 events):
No events

Events (10 events):
Event: 0.059 loading class java/lang/Short
Event: 0.059 loading class java/lang/Short done
Event: 0.059 loading class java/lang/Integer
Event: 0.059 loading class java/lang/Integer done
Event: 0.059 loading class java/lang/Long
Event: 0.059 loading class java/lang/Long done
Event: 0.061 loading class java/lang/NullPointerException
Event: 0.061 loading class java/lang/NullPointerException done
Event: 0.061 loading class java/lang/ArithmeticException
Event: 0.061 loading class java/lang/ArithmeticException done


Dynamic libraries:
0x00007ff694ce0000 - 0x00007ff694d17000 	C:\Program Files\Java\jdk1.8.0_181\bin\java.exe
0x00007ffb47590000 - 0x00007ffb47771000 	C:\WINDOWS\SYSTEM32\ntdll.dll
0x00007ffb44a80000 - 0x00007ffb44b32000 	C:\WINDOWS\System32\KERNEL32.DLL
0x00007ffb43be0000 - 0x00007ffb43e53000 	C:\WINDOWS\System32\KERNELBASE.dll
0x00007ffb46400000 - 0x00007ffb464a1000 	C:\WINDOWS\System32\ADVAPI32.dll
0x00007ffb44c20000 - 0x00007ffb44cbe000 	C:\WINDOWS\System32\msvcrt.dll
0x00007ffb44a20000 - 0x00007ffb44a7b000 	C:\WINDOWS\System32\sechost.dll
0x00007ffb44d30000 - 0x00007ffb44e54000 	C:\WINDOWS\System32\RPCRT4.dll
0x00007ffb464b0000 - 0x00007ffb46640000 	C:\WINDOWS\System32\USER32.dll
0x00007ffb44a00000 - 0x00007ffb44a20000 	C:\WINDOWS\System32\win32u.dll
0x00007ffb46a30000 - 0x00007ffb46a58000 	C:\WINDOWS\System32\GDI32.dll
0x00007ffb44860000 - 0x00007ffb449f2000 	C:\WINDOWS\System32\gdi32full.dll
0x00007ffb43a70000 - 0x00007ffb43b0f000 	C:\WINDOWS\System32\msvcp_win.dll
0x00007ffb44760000 - 0x00007ffb4485a000 	C:\WINDOWS\System32\ucrtbase.dll
0x00007ffb38230000 - 0x00007ffb38499000 	C:\WINDOWS\WinSxS\amd64_microsoft.windows.common-controls_6595b64144ccf1df_6.0.17134.167_none_fb4496d930639c5a\COMCTL32.dll
0x00007ffb46700000 - 0x00007ffb46a23000 	C:\WINDOWS\System32\combase.dll
0x00007ffb43b10000 - 0x00007ffb43b8a000 	C:\WINDOWS\System32\bcryptPrimitives.dll
0x00007ffb46de0000 - 0x00007ffb46e0d000 	C:\WINDOWS\System32\IMM32.DLL
0x0000000057120000 - 0x00000000571f2000 	C:\Program Files\Java\jdk1.8.0_181\jre\bin\msvcr100.dll
0x0000000056870000 - 0x0000000057112000 	C:\Program Files\Java\jdk1.8.0_181\jre\bin\server\jvm.dll
0x00007ffb47550000 - 0x00007ffb47558000 	C:\WINDOWS\System32\PSAPI.DLL
0x00007ffb404c0000 - 0x00007ffb404c9000 	C:\WINDOWS\SYSTEM32\WSOCK32.dll
0x00007ffb474e0000 - 0x00007ffb4754c000 	C:\WINDOWS\System32\WS2_32.dll
0x00007ffb417f0000 - 0x00007ffb41813000 	C:\WINDOWS\SYSTEM32\WINMM.dll
0x00007ffb39c60000 - 0x00007ffb39c6a000 	C:\WINDOWS\SYSTEM32\VERSION.dll
0x00007ffb417c0000 - 0x00007ffb417ea000 	C:\WINDOWS\SYSTEM32\WINMMBASE.dll
0x00007ffb43b90000 - 0x00007ffb43bd9000 	C:\WINDOWS\System32\cfgmgr32.dll
0x0000000056860000 - 0x000000005686f000 	C:\Program Files\Java\jdk1.8.0_181\jre\bin\verify.dll
0x0000000056830000 - 0x0000000056859000 	C:\Program Files\Java\jdk1.8.0_181\jre\bin\java.dll
0x0000000056810000 - 0x0000000056826000 	C:\Program Files\Java\jdk1.8.0_181\jre\bin\zip.dll

VM Arguments:
jvm_args: -Djava.rmi.server.codebase=file:C:\ComercioElectronico\pruebaSimpleRMI\example/hello 
java_command: example.hello.Client localhost
java_class_path (initial): .;C:\Program Files\Java\jdk1.8.0_181;.;C:\Program Files\Java\jdk1.8.0_181;.;C:\Program Files\Java\jdk1.8.0_181;.;C:\Program Files\Java\jdk1.8.0_181;.;C:\Program Files\Java\jdk1.8.0_181;
Launcher Type: SUN_STANDARD

Environment Variables:
CLASSPATH=.;C:\Program Files\Java\jdk1.8.0_181;.;C:\Program Files\Java\jdk1.8.0_181;.;C:\Program Files\Java\jdk1.8.0_181;.;C:\Program Files\Java\jdk1.8.0_181;.;C:\Program Files\Java\jdk1.8.0_181;
USERNAME=sdist
OS=Windows_NT
PROCESSOR_IDENTIFIER=Intel64 Family 6 Model 60 Stepping 3, GenuineIntel



---------------  S Y S T E M  ---------------

OS: Windows 10.0 , 64 bit Build 17134 (10.0.17134.1)

CPU:total 8 (initial active 8) (4 cores per cpu, 2 threads per core) family 6 model 60 stepping 3, cmov, cx8, fxsr, mmx, sse, sse2, sse3, ssse3, sse4.1, sse4.2, popcnt, avx, avx2, aes, clmul, erms, lzcnt, ht, tsc, tscinvbit, bmi1, bmi2

Memory: 4k page, physical 16566044k(10098096k free), swap 66897692k(2541708k free)

vm_info: Java HotSpot(TM) 64-Bit Server VM (25.181-b13) for windows-amd64 JRE (1.8.0_181-b13), built on Jul  7 2018 04:01:33 by "java_re" with MS VC++ 10.0 (VS2010)

time: Tue Aug 28 17:56:25 2018
elapsed time: 1 seconds (0d 0h 0m 1s)

